C:\USERS\Алексей\DOCUMENTS\VISUAL STUDIO 2010\PROJECTS\FIGHT MAN\DEBUG\FIGHT MAN.EXE
C:\USERS\Алексей\DOCUMENTS\VISUAL STUDIO 2010\PROJECTS\FIGHT MAN\DEBUG\FIGHT MAN.ILK
C:\USERS\АЛЕКСЕЙ\DOCUMENTS\VISUAL STUDIO 2010\PROJECTS\FIGHT MAN\DEBUG\FIGHT MAN.PDB
C:\USERS\Алексей\DOCUMENTS\VISUAL STUDIO 2010\PROJECTS\FIGHT MAN\FIGHT MAN\DEBUG\ANIMATION.OBJ
C:\Users\Алексей\Documents\Visual Studio 2010\Projects\Fight man\Fight man\Debug\cl.command.1.tlog
C:\Users\Алексей\Documents\Visual Studio 2010\Projects\Fight man\Fight man\Debug\CL.read.1.tlog
C:\Users\Алексей\Documents\Visual Studio 2010\Projects\Fight man\Fight man\Debug\CL.write.1.tlog
C:\USERS\Алексей\DOCUMENTS\VISUAL STUDIO 2010\PROJECTS\FIGHT MAN\FIGHT MAN\DEBUG\ENEMY.OBJ
C:\USERS\Алексей\DOCUMENTS\VISUAL STUDIO 2010\PROJECTS\FIGHT MAN\FIGHT MAN\DEBUG\FIGHT MAN.EXE.INTERMEDIATE.MANIFEST
C:\Users\Алексей\Documents\Visual Studio 2010\Projects\Fight man\Fight man\Debug\Fight man.write.1.tlog
C:\Users\Алексей\Documents\Visual Studio 2010\Projects\Fight man\Fight man\Debug\link.command.1.tlog
C:\Users\Алексей\Documents\Visual Studio 2010\Projects\Fight man\Fight man\Debug\link.read.1.tlog
C:\Users\Алексей\Documents\Visual Studio 2010\Projects\Fight man\Fight man\Debug\link.read.2.tlog
C:\Users\Алексей\Documents\Visual Studio 2010\Projects\Fight man\Fight man\Debug\link.write.1.tlog
C:\USERS\Алексей\DOCUMENTS\VISUAL STUDIO 2010\PROJECTS\FIGHT MAN\FIGHT MAN\DEBUG\MAIN.OBJ
C:\Users\Алексей\Documents\Visual Studio 2010\Projects\Fight man\Fight man\Debug\mt.command.1.tlog
C:\Users\Алексей\Documents\Visual Studio 2010\Projects\Fight man\Fight man\Debug\mt.read.1.tlog
C:\Users\Алексей\Documents\Visual Studio 2010\Projects\Fight man\Fight man\Debug\mt.write.1.tlog
C:\USERS\Алексей\DOCUMENTS\VISUAL STUDIO 2010\PROJECTS\FIGHT MAN\FIGHT MAN\DEBUG\PLAYER.OBJ
C:\Users\Алексей\Documents\Visual Studio 2010\Projects\Fight man\Fight man\Debug\vc100.idb
C:\USERS\АЛЕКСЕЙ\DOCUMENTS\VISUAL STUDIO 2010\PROJECTS\FIGHT MAN\FIGHT MAN\DEBUG\VC100.PDB
